          1 Datei(en) kopiert.
          1 Datei(en) kopiert.
  Main.cpp
..\..\source\Main.cpp(81): warning C4244: "=": Konvertierung von "double" in "float", möglicher Datenverlust
  Code wird generiert.
  All 206 functions were compiled because no usable IPDB/IOBJ from previous compilation was found.
  Codegenerierung ist abgeschlossen.
  Masterprojekt.vcxproj -> F:\Master\Masterprojekt\Git_Workspace\AR2_Composer_Tracking\MASTERPROJEKT\project\vs2010\..\..\bin\release\Masterprojekt.exe
f:\master\masterprojekt\git_workspace\ar2_composer_tracking\masterprojekt\thirdparty\opencv\include\opencv2\core\mat.inl.hpp(416): warning C6297: Arithmetischer Überlauf:  Der 32-Bit-Wert wird verschoben und dann in einen 64-Bit-Wert umgewandelt. Die Ergebnisse entsprechen möglicherweise nicht dem erwarteten Wert.
f:\master\masterprojekt\git_workspace\ar2_composer_tracking\masterprojekt\thirdparty\opencv\include\opencv2\core\mat.inl.hpp(449): warning C6297: Arithmetischer Überlauf:  Der 32-Bit-Wert wird verschoben und dann in einen 64-Bit-Wert umgewandelt. Die Ergebnisse entsprechen möglicherweise nicht dem erwarteten Wert.
f:\master\masterprojekt\git_workspace\ar2_composer_tracking\masterprojekt\thirdparty\opencv\include\opencv2\core\mat.inl.hpp(1898): warning C6297: Arithmetischer Überlauf:  Der 32-Bit-Wert wird verschoben und dann in einen 64-Bit-Wert umgewandelt. Die Ergebnisse entsprechen möglicherweise nicht dem erwarteten Wert.
f:\master\masterprojekt\git_workspace\ar2_composer_tracking\masterprojekt\thirdparty\opencv\include\opencv2\core\mat.inl.hpp(2342): warning C6011: Dereferenzierender NULL-Zeiger "m". In Zeile 2339 finden Sie einen früheren Ort, an dem dies vorkommen kann.
f:\master\masterprojekt\git_workspace\ar2_composer_tracking\masterprojekt\thirdparty\opencv\include\opencv2\core\mat.inl.hpp(2356): warning C6011: Dereferenzierender NULL-Zeiger "m". In Zeile 2353 finden Sie einen früheren Ort, an dem dies vorkommen kann.
f:\master\masterprojekt\git_workspace\ar2_composer_tracking\masterprojekt\thirdparty\opencv\include\opencv2\core\utility.hpp(345): warning C6297: Arithmetischer Überlauf:  Der 32-Bit-Wert wird verschoben und dann in einen 64-Bit-Wert umgewandelt. Die Ergebnisse entsprechen möglicherweise nicht dem erwarteten Wert.
f:\master\masterprojekt\git_workspace\ar2_composer_tracking\masterprojekt\source\main.cpp(90): warning C6001: Nicht initialisierter Speicher "cornerAngle" wird verwendet.
f:\master\masterprojekt\git_workspace\ar2_composer_tracking\masterprojekt\thirdparty\opencv\include\opencv2\core\matx.hpp(513): warning C6294: Falsch definierte For-Schleife:  Die Ausgangsbedingung erfüllt den Test nicht. Der Schleifenkörper wird nicht ausgeführt.
f:\master\masterprojekt\git_workspace\ar2_composer_tracking\masterprojekt\thirdparty\opencv\include\opencv2\core\matx.hpp(513): warning C6201: Der Index "3" liegt für den möglicherweise stapelzugeordneten Puffer "this->val" außerhalb des gültigen Indexbereichs von "0" bis "2".
f:\master\masterprojekt\git_workspace\ar2_composer_tracking\masterprojekt\thirdparty\opencv\include\opencv2\core\matx.hpp(505): warning C6294: Falsch definierte For-Schleife:  Die Ausgangsbedingung erfüllt den Test nicht. Der Schleifenkörper wird nicht ausgeführt.
f:\master\masterprojekt\git_workspace\ar2_composer_tracking\masterprojekt\thirdparty\opencv\include\opencv2\core\matx.hpp(505): warning C6201: Der Index "2" liegt für den möglicherweise stapelzugeordneten Puffer "this->val" außerhalb des gültigen Indexbereichs von "0" bis "1".
f:\master\masterprojekt\git_workspace\ar2_composer_tracking\masterprojekt\thirdparty\opencv\include\opencv2\core\matx.hpp(521): warning C6294: Falsch definierte For-Schleife:  Die Ausgangsbedingung erfüllt den Test nicht. Der Schleifenkörper wird nicht ausgeführt.
f:\master\masterprojekt\git_workspace\ar2_composer_tracking\masterprojekt\thirdparty\opencv\include\opencv2\core\matx.hpp(521): warning C6201: Der Index "4" liegt für den möglicherweise stapelzugeordneten Puffer "this->val" außerhalb des gültigen Indexbereichs von "0" bis "3".
